0 info it worked if it ends with ok
1 verbose cli [ 'C:\\Program Files\\nodejs\\node.exe',
1 verbose cli   'C:\\Program Files\\nodejs\\node_modules\\npm\\bin\\npm-cli.js',
1 verbose cli   'run',
1 verbose cli   'cli' ]
2 info using npm@6.7.0
3 info using node@v11.15.0
4 verbose run-script [ 'precli', 'cli', 'postcli' ]
5 info lifecycle lib-markdown@1.0.0~precli: lib-markdown@1.0.0
6 info lifecycle lib-markdown@1.0.0~cli: lib-markdown@1.0.0
7 verbose lifecycle lib-markdown@1.0.0~cli: unsafe-perm in lifecycle true
8 verbose lifecycle lib-markdown@1.0.0~cli: PATH: C:\Users\Thiago Peixoto\AppData\Roaming\nvm\v11.15.0\node_modules\npm\node_modules\npm-lifecycle\node-gyp-bin;C:\dev\lib-markdown\node_modules\.bin;C:\Users\Thiago Peixoto\bin;C:\Program Files\Git\mingw64\bin;C:\Program Files\Git\usr\local\bin;C:\Program Files\Git\usr\bin;C:\Program Files\Git\usr\bin;C:\Program Files\Git\mingw64\bin;C:\Program Files\Git\usr\bin;C:\Users\Thiago Peixoto\bin;C:\WINDOWS\system32;C:\WINDOWS;C:\WINDOWS\System32\Wbem;C:\WINDOWS\System32\WindowsPowerShell\v1.0;C:\WINDOWS\System32\OpenSSH;%NVM_HOME%;%NVM_SYMLINK%;C:\Program Files\dotnet;C:\ProgramData\ComposerSetup\bin;C:\Program Files\Docker\Docker\resources\bin;C:\ProgramData\DockerDesktop\version-bin;C:\Program Files\Git\cmd;C:\ProgramData\chocolatey\bin;C:\Program Files\MySQL\MySQL Shell 8.0\bin;C:\Users\Thiago Peixoto\AppData\Local\Microsoft\WindowsApps;C:\Users\Thiago Peixoto\AppData\Local\Programs\Microsoft VS Code\bin;C:\Users\Thiago Peixoto\AppData\Roaming\nvm;C:\Program Files\nodejs;C:\Thiago\php8;C:\Users\Thiago Peixoto\AppData\Roaming\Composer\vendor\bin;C:\Program Files\Git\usr\bin\vendor_perl;C:\Program Files\Git\usr\bin\core_perl
9 verbose lifecycle lib-markdown@1.0.0~cli: CWD: C:\dev\lib-markdown
10 silly lifecycle lib-markdown@1.0.0~cli: Args: [ '/d /s /c', 'node cli.js ./arquivos/' ]
11 silly lifecycle lib-markdown@1.0.0~cli: Returned: code: 1  signal: null
12 info lifecycle lib-markdown@1.0.0~cli: Failed to exec cli script
13 verbose stack Error: lib-markdown@1.0.0 cli: `node cli.js ./arquivos/`
13 verbose stack Exit status 1
13 verbose stack     at EventEmitter.<anonymous> (C:\Users\Thiago Peixoto\AppData\Roaming\nvm\v11.15.0\node_modules\npm\node_modules\npm-lifecycle\index.js:301:16)
13 verbose stack     at EventEmitter.emit (events.js:193:13)
13 verbose stack     at ChildProcess.<anonymous> (C:\Users\Thiago Peixoto\AppData\Roaming\nvm\v11.15.0\node_modules\npm\node_modules\npm-lifecycle\lib\spawn.js:55:14)
13 verbose stack     at ChildProcess.emit (events.js:193:13)
13 verbose stack     at maybeClose (internal/child_process.js:999:16)
13 verbose stack     at Process.ChildProcess._handle.onexit (internal/child_process.js:266:5)
14 verbose pkgid lib-markdown@1.0.0
15 verbose cwd C:\dev\lib-markdown
16 verbose Windows_NT 10.0.19044
17 verbose argv "C:\\Program Files\\nodejs\\node.exe" "C:\\Program Files\\nodejs\\node_modules\\npm\\bin\\npm-cli.js" "run" "cli"
18 verbose node v11.15.0
19 verbose npm  v6.7.0
20 error code ELIFECYCLE
21 error errno 1
22 error lib-markdown@1.0.0 cli: `node cli.js ./arquivos/`
22 error Exit status 1
23 error Failed at the lib-markdown@1.0.0 cli script.
23 error This is probably not a problem with npm. There is likely additional logging output above.
24 verbose exit [ 1, true ]
